Classic Timing Analyzer report for mux3_1
Mon Nov 21 22:43:18 2022
Quartus II Version 9.0 Build 184 04/29/2009 Service Pack 1 SJ Web Edition


---------------------
; Table of Contents ;
---------------------
  1. Legal Notice
  2. Timing Analyzer Summary
  3. Timing Analyzer Settings
  4. Parallel Compilation
  5. tpd
  6. Timing Analyzer Messages



----------------
; Legal Notice ;
----------------
Copyright (C) 1991-2009 Altera Corporation
Your use of Altera Corporation's design tools, logic functions 
and other software and tools, and its AMPP partner logic 
functions, and any output files from any of the foregoing 
(including device programming or simulation files), and any 
associated documentation or information are expressly subject 
to the terms and conditions of the Altera Program License 
Subscription Agreement, Altera MegaCore Function License 
Agreement, or other applicable license agreement, including, 
without limitation, that your use is for the sole purpose of 
programming logic devices manufactured by Altera and sold by 
Altera or its authorized distributors.  Please refer to the 
applicable agreement for further details.



+-------------------------------------------------------------------------------------------------------------------------+
; Timing Analyzer Summary                                                                                                 ;
+------------------------------+-------+---------------+-------------+------+------+------------+----------+--------------+
; Type                         ; Slack ; Required Time ; Actual Time ; From ; To   ; From Clock ; To Clock ; Failed Paths ;
+------------------------------+-------+---------------+-------------+------+------+------------+----------+--------------+
; Worst-case tpd               ; N/A   ; None          ; 15.940 ns   ; a[7] ; y[7] ; --         ; --       ; 0            ;
; Total number of failed paths ;       ;               ;             ;      ;      ;            ;          ; 0            ;
+------------------------------+-------+---------------+-------------+------+------+------------+----------+--------------+


+--------------------------------------------------------------------------------------------------------------------+
; Timing Analyzer Settings                                                                                           ;
+---------------------------------------------------------------------+--------------------+------+----+-------------+
; Option                                                              ; Setting            ; From ; To ; Entity Name ;
+---------------------------------------------------------------------+--------------------+------+----+-------------+
; Device Name                                                         ; EP2C5T144C8        ;      ;    ;             ;
; Timing Models                                                       ; Final              ;      ;    ;             ;
; Default hold multicycle                                             ; Same as Multicycle ;      ;    ;             ;
; Cut paths between unrelated clock domains                           ; On                 ;      ;    ;             ;
; Cut off read during write signal paths                              ; On                 ;      ;    ;             ;
; Cut off feedback from I/O pins                                      ; On                 ;      ;    ;             ;
; Report Combined Fast/Slow Timing                                    ; Off                ;      ;    ;             ;
; Ignore Clock Settings                                               ; Off                ;      ;    ;             ;
; Analyze latches as synchronous elements                             ; On                 ;      ;    ;             ;
; Enable Recovery/Removal analysis                                    ; Off                ;      ;    ;             ;
; Enable Clock Latency                                                ; Off                ;      ;    ;             ;
; Use TimeQuest Timing Analyzer                                       ; Off                ;      ;    ;             ;
; Minimum Core Junction Temperature                                   ; 0                  ;      ;    ;             ;
; Maximum Core Junction Temperature                                   ; 85                 ;      ;    ;             ;
; Number of source nodes to report per destination node               ; 10                 ;      ;    ;             ;
; Number of destination nodes to report                               ; 10                 ;      ;    ;             ;
; Number of paths to report                                           ; 200                ;      ;    ;             ;
; Report Minimum Timing Checks                                        ; Off                ;      ;    ;             ;
; Use Fast Timing Models                                              ; Off                ;      ;    ;             ;
; Report IO Paths Separately                                          ; Off                ;      ;    ;             ;
; Perform Multicorner Analysis                                        ; On                 ;      ;    ;             ;
; Reports the worst-case path for each clock domain and analysis      ; Off                ;      ;    ;             ;
; Removes common clock path pessimism (CCPP) during slack computation ; Off                ;      ;    ;             ;
; Output I/O Timing Endpoint                                          ; Near End           ;      ;    ;             ;
+---------------------------------------------------------------------+--------------------+------+----+-------------+


Parallel compilation was disabled, but you have multiple processors available. Enable parallel compilation to reduce compilation time.
+-------------------------------------+
; Parallel Compilation                ;
+----------------------------+--------+
; Processors                 ; Number ;
+----------------------------+--------+
; Number detected on machine ; 8      ;
; Maximum allowed            ; 1      ;
+----------------------------+--------+


+--------------------------------------------------------------+
; tpd                                                          ;
+-------+-------------------+-----------------+---------+------+
; Slack ; Required P2P Time ; Actual P2P Time ; From    ; To   ;
+-------+-------------------+-----------------+---------+------+
; N/A   ; None              ; 15.940 ns       ; a[7]    ; y[7] ;
; N/A   ; None              ; 15.244 ns       ; b[7]    ; y[7] ;
; N/A   ; None              ; 14.364 ns       ; a[2]    ; y[2] ;
; N/A   ; None              ; 13.873 ns       ; a[6]    ; y[6] ;
; N/A   ; None              ; 13.721 ns       ; b[4]    ; y[4] ;
; N/A   ; None              ; 13.695 ns       ; b[1]    ; y[1] ;
; N/A   ; None              ; 13.661 ns       ; a[3]    ; y[3] ;
; N/A   ; None              ; 13.520 ns       ; b[2]    ; y[2] ;
; N/A   ; None              ; 13.392 ns       ; a[1]    ; y[1] ;
; N/A   ; None              ; 13.143 ns       ; c[1]    ; y[1] ;
; N/A   ; None              ; 13.055 ns       ; a[4]    ; y[4] ;
; N/A   ; None              ; 12.975 ns       ; a[5]    ; y[5] ;
; N/A   ; None              ; 12.970 ns       ; b[3]    ; y[3] ;
; N/A   ; None              ; 12.893 ns       ; c[4]    ; y[4] ;
; N/A   ; None              ; 12.808 ns       ; c[7]    ; y[7] ;
; N/A   ; None              ; 12.784 ns       ; b[5]    ; y[5] ;
; N/A   ; None              ; 12.772 ns       ; c[2]    ; y[2] ;
; N/A   ; None              ; 12.650 ns       ; b[6]    ; y[6] ;
; N/A   ; None              ; 12.585 ns       ; c[6]    ; y[6] ;
; N/A   ; None              ; 12.416 ns       ; c[3]    ; y[3] ;
; N/A   ; None              ; 12.403 ns       ; c[0]    ; y[0] ;
; N/A   ; None              ; 12.004 ns       ; c[5]    ; y[5] ;
; N/A   ; None              ; 10.761 ns       ; madd[1] ; y[7] ;
; N/A   ; None              ; 10.384 ns       ; madd[0] ; y[7] ;
; N/A   ; None              ; 9.094 ns        ; madd[1] ; y[4] ;
; N/A   ; None              ; 9.017 ns        ; madd[1] ; y[2] ;
; N/A   ; None              ; 8.942 ns        ; madd[0] ; y[2] ;
; N/A   ; None              ; 8.871 ns        ; madd[0] ; y[1] ;
; N/A   ; None              ; 8.714 ns        ; madd[0] ; y[4] ;
; N/A   ; None              ; 8.697 ns        ; madd[1] ; y[6] ;
; N/A   ; None              ; 8.599 ns        ; madd[1] ; y[1] ;
; N/A   ; None              ; 8.555 ns        ; madd[0] ; y[3] ;
; N/A   ; None              ; 8.325 ns        ; madd[0] ; y[6] ;
; N/A   ; None              ; 8.283 ns        ; madd[1] ; y[3] ;
; N/A   ; None              ; 8.193 ns        ; madd[1] ; y[5] ;
; N/A   ; None              ; 8.054 ns        ; a[0]    ; y[0] ;
; N/A   ; None              ; 8.012 ns        ; b[0]    ; y[0] ;
; N/A   ; None              ; 7.887 ns        ; madd[1] ; y[0] ;
; N/A   ; None              ; 7.858 ns        ; madd[0] ; y[0] ;
; N/A   ; None              ; 7.821 ns        ; madd[0] ; y[5] ;
+-------+-------------------+-----------------+---------+------+


+--------------------------+
; Timing Analyzer Messages ;
+--------------------------+
Info: *******************************************************************
Info: Running Quartus II Classic Timing Analyzer
    Info: Version 9.0 Build 184 04/29/2009 Service Pack 1 SJ Web Edition
    Info: Processing started: Mon Nov 21 22:43:17 2022
Info: Command: quartus_tan --read_settings_files=off --write_settings_files=off mux3_1 -c mux3_1 --timing_analysis_only
Info: Longest tpd from source pin "a[7]" to destination pin "y[7]" is 15.940 ns
    Info: 1: + IC(0.000 ns) + CELL(0.955 ns) = 0.955 ns; Loc. = PIN_4; Fanout = 1; PIN Node = 'a[7]'
    Info: 2: + IC(6.761 ns) + CELL(0.647 ns) = 8.363 ns; Loc. = LCCOMB_X5_Y6_N22; Fanout = 1; COMB Node = 'y[7]~40'
    Info: 3: + IC(1.780 ns) + CELL(0.319 ns) = 10.462 ns; Loc. = LCCOMB_X17_Y6_N16; Fanout = 1; COMB Node = 'y[7]~41'
    Info: 4: + IC(2.412 ns) + CELL(3.066 ns) = 15.940 ns; Loc. = PIN_27; Fanout = 0; PIN Node = 'y[7]'
    Info: Total cell delay = 4.987 ns ( 31.29 % )
    Info: Total interconnect delay = 10.953 ns ( 68.71 % )
Info: Quartus II Classic Timing Analyzer was successful. 0 errors, 0 warnings
    Info: Peak virtual memory: 193 megabytes
    Info: Processing ended: Mon Nov 21 22:43:18 2022
    Info: Elapsed time: 00:00:01
    Info: Total CPU time (on all processors): 00:00:00


